
> library@1.0.0 start /var/www/library/html/library
> node index.js

UserPassword = MYPASSWORD
Passwordhash = d5b7a2365a51b830f31f8bbefa0e8c5adfe095ca8abf3dd3413862fc7909df19403520372211f15ce9df5f74b9087f277ac66a0360a9fe4df0155aceec22e0fd
nSalt = 0117212222640ecf
UserPassword = MYPASSWORD
Passwordhash = b8fcc71f62f7eaee0e4040c8ef5ac0f3647624628c89525a90f1bac6d114108b76e391308ed8751e12136586af7b20e2a366db2bc4b32e2cbe4456574a0d0c7a
nSalt = 02b8085afe416a98
Listening on http://localhost:3000
connection err Error: connect ECONNREFUSED 127.0.0.1:3306
UserPassword = MYPASSWORD
Passwordhash = 49b5642441b0bfae48a3e6ca38b15895b2ab139153d34d7f0e04eb184cd37a0499b4f8d6098898a94ab0b54a63a3e69a00791c0bc13e2a33368bc1ff34d4a712
nSalt = 536297914d3f3c66
UserPassword = MYPASSWORD
Passwordhash = ed493c2c95e2a4c9ad78d8a7f4ffa5f201c096f546cf41316755f1234d7b4fa8632ca691b2fc20029211ba41fc68d4064b2a3f66c2936601f975050a1bc4df27
nSalt = b5ccfab30b8d8dd8
events.js:183
      throw er; // Unhandled 'error' event
      ^

Error: listen EADDRINUSE :::3000
    at Object._errnoException (util.js:1022:11)
    at _exceptionWithHostPort (util.js:1044:20)
    at Server.setupListenHandle [as _listen2] (net.js:1367:14)
    at listenInCluster (net.js:1408:12)
    at Server.listen (net.js:1492:7)
    at Function.listen (/var/www/library/html/library/node_modules/express/lib/application.js:617:24)
    at Object.<anonymous> (/var/www/library/html/library/index.js:115:5)
    at Module._compile (module.js:652:30)
    at Object.Module._extensions..js (module.js:663:10)
    at Module.load (module.js:565:32)
Terminated

npm ERR! Linux 4.15.0-50-generic
npm ERR! argv "/usr/bin/node" "/usr/bin/npm" "start" "--production"
npm ERR! node v8.10.0
npm ERR! npm  v3.5.2
npm ERR! code ELIFECYCLE
npm ERR! library@1.0.0 start: `node index.js`
npm ERR! Exit status 143
npm ERR! 
npm ERR! Failed at the library@1.0.0 start script 'node index.js'.
npm ERR! Make sure you have the latest version of node.js and npm installed.
npm ERR! If you do, this is most likely a problem with the library package,
npm ERR! not with npm itself.
npm ERR! Tell the author that this fails on your system:
npm ERR!     node index.js
npm ERR! You can get information on how to open an issue for this project with:
npm ERR!     npm bugs library
npm ERR! Or if that isn't available, you can get their info via:
npm ERR!     npm owner ls library
npm ERR! There is likely additional logging output above.

npm ERR! Please include the following file with any support request:
npm ERR!     /var/www/library/html/library/npm-debug.log
